# JRE version: OpenJDK Runtime Environment Temurin-21.0.10+7 (21.0.10+7) (build 21.0.10+7-LTS)
# Java VM: OpenJDK 64-Bit Server VM Temurin-21.0.10+7 (21.0.10+7-LTS, mixed mode, sharing, tiered, compressed oops, compressed class ptrs, parallel gc, windows-amd64)
GC Precious Log:
 CardTable entry size: 512
 CPUs: 8 total, 8 available
 Memory: 7952M
 Large Page Support: Disabled
 NUMA Support: Disabled
 Compressed Oops: Enabled (32-bit)
 Alignments: Space 512K, Generation 512K, Heap 2M
 Heap Min Capacity: 100M
 Heap Initial Capacity: 100M
 Heap Max Capacity: 2G
 Pre-touch: Disabled
 Parallel Workers: 8
Heap:
 PSYoungGen      total 1536K, used 686K [0x00000000d5580000, 0x00000000d5980000, 0x0000000100000000)
  eden space 1024K, 35% used [0x00000000d5580000,0x00000000d55db888,0x00000000d5680000)
  from space 512K, 62% used [0x00000000d5900000,0x00000000d5950000,0x00000000d5980000)
  to   space 1024K, 0% used [0x00000000d5780000,0x00000000d5780000,0x00000000d5880000)
 ParOldGen       total 487424K, used 486900K [0x0000000080000000, 0x000000009dc00000, 0x00000000d5580000)
  object space 487424K, 99% used [0x0000000080000000,0x000000009db7d0b0,0x000000009dc00000)
 Metaspace       used 54470K, committed 55872K, reserved 1114112K
  class space    used 5823K, committed 6400K, reserved 1048576K
GC Heap History (20 events):
Event: 75.650 GC heap before
{Heap before GC invocations=489 (full 2):
 PSYoungGen      total 1024K, used 992K [0x00000000d5580000, 0x00000000d5980000, 0x0000000100000000)
  eden space 512K, 100% used [0x00000000d5580000,0x00000000d5600000,0x00000000d5600000)
  from space 512K, 93% used [0x00000000d5900000,0x00000000d5978000,0x00000000d5980000)
  to   space 1024K, 0% used [0x00000000d5780000,0x00000000d5780000,0x00000000d5880000)
 ParOldGen       total 476160K, used 475957K [0x0000000080000000, 0x000000009d100000, 0x00000000d5580000)
  object space 476160K, 99% used [0x0000000080000000,0x000000009d0cd530,0x000000009d100000)
 Metaspace       used 54374K, committed 55744K, reserved 1114112K
  class space    used 5816K, committed 6400K, reserved 1048576K
}
Event: 75.654 GC heap after
{Heap after GC invocations=489 (full 2):
 PSYoungGen      total 2048K, used 608K [0x00000000d5580000, 0x00000000d5980000, 0x0000000100000000)
  eden space 1024K, 0% used [0x00000000d5580000,0x00000000d5580000,0x00000000d5680000)
  from space 1024K, 59% used [0x00000000d5780000,0x00000000d5818000,0x00000000d5880000)
  to   space 1024K, 0% used [0x00000000d5880000,0x00000000d5880000,0x00000000d5980000)
 ParOldGen       total 476672K, used 476381K [0x0000000080000000, 0x000000009d180000, 0x00000000d5580000)
  object space 476672K, 99% used [0x0000000080000000,0x000000009d137530,0x000000009d180000)
 Metaspace       used 54374K, committed 55744K, reserved 1114112K
  class space    used 5816K, committed 6400K, reserved 1048576K
}
Event: 75.659 GC heap before
{Heap before GC invocations=490 (full 2):
 PSYoungGen      total 2048K, used 1632K [0x00000000d5580000, 0x00000000d5980000, 0x0000000100000000)
  eden space 1024K, 100% used [0x00000000d5580000,0x00000000d5680000,0x00000000d5680000)
  from space 1024K, 59% used [0x00000000d5780000,0x00000000d5818000,0x00000000d5880000)
  to   space 1024K, 0% used [0x00000000d5880000,0x00000000d5880000,0x00000000d5980000)
 ParOldGen       total 476672K, used 476381K [0x0000000080000000, 0x000000009d180000, 0x00000000d5580000)
  object space 476672K, 99% used [0x0000000080000000,0x000000009d137530,0x000000009d180000)
 Metaspace       used 54374K, committed 55744K, reserved 1114112K
  class space    used 5816K, committed 6400K, reserved 1048576K
}
Event: 75.661 GC heap after
{Heap after GC invocations=490 (full 2):
 PSYoungGen      total 2048K, used 1024K [0x00000000d5580000, 0x00000000d5b00000, 0x0000000100000000)
  eden space 1024K, 0% used [0x00000000d5580000,0x00000000d5580000,0x00000000d5680000)
  from space 1024K, 100% used [0x00000000d5880000,0x00000000d5980000,0x00000000d5980000)
  to   space 2048K, 0% used [0x00000000d5680000,0x00000000d5680000,0x00000000d5880000)
 ParOldGen       total 477184K, used 476917K [0x0000000080000000, 0x000000009d200000, 0x00000000d5580000)
  object space 477184K, 99% used [0x0000000080000000,0x000000009d1bd530,0x000000009d200000)
 Metaspace       used 54374K, committed 55744K, reserved 1114112K
  class space    used 5816K, committed 6400K, reserved 1048576K
}
Event: 75.666 GC heap before
{Heap before GC invocations=491 (full 2):
 PSYoungGen      total 2048K, used 2048K [0x00000000d5580000, 0x00000000d5b00000, 0x0000000100000000)
  eden space 1024K, 100% used [0x00000000d5580000,0x00000000d5680000,0x00000000d5680000)
  from space 1024K, 100% used [0x00000000d5880000,0x00000000d5980000,0x00000000d5980000)
  to   space 2048K, 0% used [0x00000000d5680000,0x00000000d5680000,0x00000000d5880000)
 ParOldGen       total 477184K, used 476917K [0x0000000080000000, 0x000000009d200000, 0x00000000d5580000)
  object space 477184K, 99% used [0x0000000080000000,0x000000009d1bd530,0x000000009d200000)
 Metaspace       used 54374K, committed 55744K, reserved 1114112K
  class space    used 5816K, committed 6400K, reserved 1048576K
}
Event: 75.669 GC heap after
{Heap after GC invocations=491 (full 2):
 PSYoungGen      total 3072K, used 1152K [0x00000000d5580000, 0x00000000d5a00000, 0x0000000100000000)
  eden space 1024K, 0% used [0x00000000d5580000,0x00000000d5580000,0x00000000d5680000)
  from space 2048K, 56% used [0x00000000d5680000,0x00000000d57a0000,0x00000000d5880000)
  to   space 1536K, 0% used [0x00000000d5880000,0x00000000d5880000,0x00000000d5a00000)
 ParOldGen       total 478208K, used 477941K [0x0000000080000000, 0x000000009d300000, 0x00000000d5580000)
  object space 478208K, 99% used [0x0000000080000000,0x000000009d2bd530,0x000000009d300000)
 Metaspace       used 54374K, committed 55744K, reserved 1114112K
  class space    used 5816K, committed 6400K, reserved 1048576K
}
Event: 75.674 GC heap before
{Heap before GC invocations=492 (full 2):
 PSYoungGen      total 3072K, used 2176K [0x00000000d5580000, 0x00000000d5a00000, 0x0000000100000000)
  eden space 1024K, 100% used [0x00000000d5580000,0x00000000d5680000,0x00000000d5680000)
  from space 2048K, 56% used [0x00000000d5680000,0x00000000d57a0000,0x00000000d5880000)
  to   space 1536K, 0% used [0x00000000d5880000,0x00000000d5880000,0x00000000d5a00000)
 ParOldGen       total 478208K, used 477941K [0x0000000080000000, 0x000000009d300000, 0x00000000d5580000)
  object space 478208K, 99% used [0x0000000080000000,0x000000009d2bd530,0x000000009d300000)
 Metaspace       used 54374K, committed 55744K, reserved 1114112K
  class space    used 5816K, committed 6400K, reserved 1048576K
}
Event: 75.677 GC heap after
{Heap after GC invocations=492 (full 2):
 PSYoungGen      total 3072K, used 1120K [0x00000000d5580000, 0x00000000d5a00000, 0x0000000100000000)
  eden space 1536K, 0% used [0x00000000d5580000,0x00000000d5580000,0x00000000d5700000)
  from space 1536K, 72% used [0x00000000d5880000,0x00000000d5998000,0x00000000d5a00000)
  to   space 1536K, 0% used [0x00000000d5700000,0x00000000d5700000,0x00000000d5880000)
 ParOldGen       total 479232K, used 478981K [0x0000000080000000, 0x000000009d400000, 0x00000000d5580000)
  object space 479232K, 99% used [0x0000000080000000,0x000000009d3c1530,0x000000009d400000)
 Metaspace       used 54374K, committed 55744K, reserved 1114112K
  class space    used 5816K, committed 6400K, reserved 1048576K
}
Event: 75.685 GC heap before
{Heap before GC invocations=493 (full 2):
 PSYoungGen      total 3072K, used 2656K [0x00000000d5580000, 0x00000000d5a00000, 0x0000000100000000)
  eden space 1536K, 100% used [0x00000000d5580000,0x00000000d5700000,0x00000000d5700000)
  from space 1536K, 72% used [0x00000000d5880000,0x00000000d5998000,0x00000000d5a00000)
  to   space 1536K, 0% used [0x00000000d5700000,0x00000000d5700000,0x00000000d5880000)
 ParOldGen       total 479232K, used 478981K [0x0000000080000000, 0x000000009d400000, 0x00000000d5580000)
  object space 479232K, 99% used [0x0000000080000000,0x000000009d3c1530,0x000000009d400000)
 Metaspace       used 54374K, committed 55744K, reserved 1114112K
  class space    used 5816K, committed 6400K, reserved 1048576K
}
Event: 75.688 GC heap after
{Heap after GC invocations=493 (full 2):
 PSYoungGen      total 3072K, used 1536K [0x00000000d5580000, 0x00000000d5d80000, 0x0000000100000000)
  eden space 1536K, 0% used [0x00000000d5580000,0x00000000d5580000,0x00000000d5700000)
  from space 1536K, 100% used [0x00000000d5700000,0x00000000d5880000,0x00000000d5880000)
  to   space 3072K, 0% used [0x00000000d5a80000,0x00000000d5a80000,0x00000000d5d80000)
 ParOldGen       total 480256K, used 480037K [0x0000000080000000, 0x000000009d500000, 0x00000000d5580000)
  object space 480256K, 99% used [0x0000000080000000,0x000000009d4c9530,0x000000009d500000)
 Metaspace       used 54374K, committed 55744K, reserved 1114112K
  class space    used 5816K, committed 6400K, reserved 1048576K
}
Event: 75.696 GC heap before
{Heap before GC invocations=494 (full 2):
 PSYoungGen      total 3072K, used 3072K [0x00000000d5580000, 0x00000000d5d80000, 0x0000000100000000)
  eden space 1536K, 100% used [0x00000000d5580000,0x00000000d5700000,0x00000000d5700000)
  from space 1536K, 100% used [0x00000000d5700000,0x00000000d5880000,0x00000000d5880000)
  to   space 3072K, 0% used [0x00000000d5a80000,0x00000000d5a80000,0x00000000d5d80000)
 ParOldGen       total 480256K, used 480037K [0x0000000080000000, 0x000000009d500000, 0x00000000d5580000)
  object space 480256K, 99% used [0x0000000080000000,0x000000009d4c9530,0x000000009d500000)
 Metaspace       used 54374K, committed 55744K, reserved 1114112K
  class space    used 5816K, committed 6400K, reserved 1048576K
}
Event: 75.701 GC heap after
{Heap after GC invocations=494 (full 2):
 PSYoungGen      total 4096K, used 1664K [0x00000000d5580000, 0x00000000d5c80000, 0x0000000100000000)
  eden space 2048K, 0% used [0x00000000d5580000,0x00000000d5580000,0x00000000d5780000)
  from space 2048K, 81% used [0x00000000d5a80000,0x00000000d5c20000,0x00000000d5c80000)
  to   space 2048K, 0% used [0x00000000d5880000,0x00000000d5880000,0x00000000d5a80000)
 ParOldGen       total 481792K, used 481565K [0x0000000080000000, 0x000000009d680000, 0x00000000d5580000)
  object space 481792K, 99% used [0x0000000080000000,0x000000009d647530,0x000000009d680000)
 Metaspace       used 54374K, committed 55744K, reserved 1114112K
  class space    used 5816K, committed 6400K, reserved 1048576K
}
Event: 75.711 GC heap before
{Heap before GC invocations=495 (full 2):
 PSYoungGen      total 4096K, used 3424K [0x00000000d5580000, 0x00000000d5c80000, 0x0000000100000000)
  eden space 2048K, 85% used [0x00000000d5580000,0x00000000d57382a8,0x00000000d5780000)
  from space 2048K, 81% used [0x00000000d5a80000,0x00000000d5c20000,0x00000000d5c80000)
  to   space 2048K, 0% used [0x00000000d5880000,0x00000000d5880000,0x00000000d5a80000)
 ParOldGen       total 481792K, used 481565K [0x0000000080000000, 0x000000009d680000, 0x00000000d5580000)
  object space 481792K, 99% used [0x0000000080000000,0x000000009d647530,0x000000009d680000)
 Metaspace       used 54374K, committed 55744K, reserved 1114112K
  class space    used 5816K, committed 6400K, reserved 1048576K
}
Event: 75.715 GC heap after
{Heap after GC invocations=495 (full 2):
 PSYoungGen      total 4608K, used 1856K [0x00000000d5580000, 0x00000000d5c00000, 0x0000000100000000)
  eden space 2560K, 0% used [0x00000000d5580000,0x00000000d5580000,0x00000000d5800000)
  from space 2048K, 90% used [0x00000000d5880000,0x00000000d5a50000,0x00000000d5a80000)
  to   space 1536K, 0% used [0x00000000d5a80000,0x00000000d5a80000,0x00000000d5c00000)
 ParOldGen       total 483328K, used 483117K [0x0000000080000000, 0x000000009d800000, 0x00000000d5580000)
  object space 483328K, 99% used [0x0000000080000000,0x000000009d7cb530,0x000000009d800000)
 Metaspace       used 54374K, committed 55744K, reserved 1114112K
  class space    used 5816K, committed 6400K, reserved 1048576K
}
Event: 75.737 GC heap before
{Heap before GC invocations=496 (full 2):
 PSYoungGen      total 4608K, used 3991K [0x00000000d5580000, 0x00000000d5c00000, 0x0000000100000000)
  eden space 2560K, 83% used [0x00000000d5580000,0x00000000d5795c40,0x00000000d5800000)
  from space 2048K, 90% used [0x00000000d5880000,0x00000000d5a50000,0x00000000d5a80000)
  to   space 1536K, 0% used [0x00000000d5a80000,0x00000000d5a80000,0x00000000d5c00000)
 ParOldGen       total 483328K, used 483117K [0x0000000080000000, 0x000000009d800000, 0x00000000d5580000)
  object space 483328K, 99% used [0x0000000080000000,0x000000009d7cb530,0x000000009d800000)
 Metaspace       used 54374K, committed 55744K, reserved 1114112K
  class space    used 5816K, committed 6400K, reserved 1048576K
}
Event: 75.741 GC heap after
{Heap after GC invocations=496 (full 2):
 PSYoungGen      total 2560K, used 1510K [0x00000000d5580000, 0x00000000d6080000, 0x0000000100000000)
  eden space 1024K, 0% used [0x00000000d5580000,0x00000000d5580000,0x00000000d5680000)
  from space 1536K, 98% used [0x00000000d5a80000,0x00000000d5bf9b80,0x00000000d5c00000)
  to   space 4096K, 0% used [0x00000000d5680000,0x00000000d5680000,0x00000000d5a80000)
 ParOldGen       total 485376K, used 485109K [0x0000000080000000, 0x000000009da00000, 0x00000000d5580000)
  object space 485376K, 99% used [0x0000000080000000,0x000000009d9bd530,0x000000009da00000)
 Metaspace       used 54374K, committed 55744K, reserved 1114112K
  class space    used 5816K, committed 6400K, reserved 1048576K
}
Event: 75.759 GC heap before
{Heap before GC invocations=497 (full 2):
 PSYoungGen      total 2560K, used 2534K [0x00000000d5580000, 0x00000000d6080000, 0x0000000100000000)
  eden space 1024K, 100% used [0x00000000d5580000,0x00000000d5680000,0x00000000d5680000)
  from space 1536K, 98% used [0x00000000d5a80000,0x00000000d5bf9b80,0x00000000d5c00000)
  to   space 4096K, 0% used [0x00000000d5680000,0x00000000d5680000,0x00000000d5a80000)
 ParOldGen       total 485376K, used 485109K [0x0000000080000000, 0x000000009da00000, 0x00000000d5580000)
  object space 485376K, 99% used [0x0000000080000000,0x000000009d9bd530,0x000000009da00000)
 Metaspace       used 54374K, committed 55744K, reserved 1114112K
  class space    used 5816K, committed 6400K, reserved 1048576K
}
Event: 75.764 GC heap after
{Heap after GC invocations=497 (full 2):
 PSYoungGen      total 2048K, used 1011K [0x00000000d5580000, 0x00000000d5b00000, 0x0000000100000000)
  eden space 1024K, 0% used [0x00000000d5580000,0x00000000d5580000,0x00000000d5680000)
  from space 1024K, 98% used [0x00000000d5680000,0x00000000d577cdc0,0x00000000d5780000)
  to   space 2048K, 0% used [0x00000000d5900000,0x00000000d5900000,0x00000000d5b00000)
 ParOldGen       total 486400K, used 486048K [0x0000000080000000, 0x000000009db00000, 0x00000000d5580000)
  object space 486400K, 99% used [0x0000000080000000,0x000000009daa82f0,0x000000009db00000)
 Metaspace       used 54374K, committed 55744K, reserved 1114112K
  class space    used 5816K, committed 6400K, reserved 1048576K
}
Event: 76.500 GC heap before
{Heap before GC invocations=498 (full 2):
 PSYoungGen      total 2048K, used 2035K [0x00000000d5580000, 0x00000000d5b00000, 0x0000000100000000)
  eden space 1024K, 100% used [0x00000000d5580000,0x00000000d5680000,0x00000000d5680000)
  from space 1024K, 98% used [0x00000000d5680000,0x00000000d577cdc0,0x00000000d5780000)
  to   space 2048K, 0% used [0x00000000d5900000,0x00000000d5900000,0x00000000d5b00000)
 ParOldGen       total 486400K, used 486048K [0x0000000080000000, 0x000000009db00000, 0x00000000d5580000)
  object space 486400K, 99% used [0x0000000080000000,0x000000009daa82f0,0x000000009db00000)
 Metaspace       used 54434K, committed 55808K, reserved 1114112K
  class space    used 5820K, committed 6400K, reserved 1048576K
}
Event: 76.506 GC heap after
{Heap after GC invocations=498 (full 2):
 PSYoungGen      total 1536K, used 320K [0x00000000d5580000, 0x00000000d5980000, 0x0000000100000000)
  eden space 1024K, 0% used [0x00000000d5580000,0x00000000d5580000,0x00000000d5680000)
  from space 512K, 62% used [0x00000000d5900000,0x00000000d5950000,0x00000000d5980000)
  to   space 1024K, 0% used [0x00000000d5780000,0x00000000d5780000,0x00000000d5880000)
 ParOldGen       total 487424K, used 486900K [0x0000000080000000, 0x000000009dc00000, 0x00000000d5580000)
  object space 487424K, 99% used [0x0000000080000000,0x000000009db7d0b0,0x000000009dc00000)
 Metaspace       used 54434K, committed 55808K, reserved 1114112K
  class space    used 5820K, committed 6400K, reserved 1048576K
}

